<?xml version="1.0" encoding="UTF-8"?>
<!-- Generated by org.testng.reporters.JUnitReportReporter -->
<testsuite skipped="6" hostname="LAPTOP-0AOM9FTS" name="com.ebaytest.HomePageValidations" tests="7" failures="0" timestamp="2021-07-14T19:03:41 EDT" time="10.485" errors="0">
  <testcase name="fieldsValidationOnRegisterPageWithSoftAssertion" time="10.485" classname="com.ebaytest.HomePageValidations"/>
  <system-out>
Clicked On Sign In Button<br> first name is displayed <br> Last name is displayed  <br> Password is displayed  <br> Email is displayed <br>  </system-out>
  <testcase name="validateUserBeingAbleToTypeOnSearchBar" classname="com.ebaytest.HomePageValidations">
    <skipped/>
  </testcase> <!-- validateUserBeingAbleToTypeOnSearchBar -->
  <system-out/>
  <testcase name="validateUserBeingAbleToLogin" classname="com.ebaytest.HomePageValidations">
    <skipped/>
  </testcase> <!-- validateUserBeingAbleToLogin -->
  <system-out/>
  <testcase name="validateUserCanRegister" classname="com.ebaytest.HomePageValidations">
    <skipped/>
  </testcase> <!-- validateUserCanRegister -->
  <system-out/>
  <testcase name="validateUserBeingAbleToClickOnSignInButton" classname="com.ebaytest.HomePageValidations">
    <skipped/>
  </testcase> <!-- validateUserBeingAbleToClickOnSignInButton -->
  <system-out/>
  <testcase name="validateUserBeingAbleToSearchForAnItem" classname="com.ebaytest.HomePageValidations">
    <skipped/>
  </testcase> <!-- validateUserBeingAbleToSearchForAnItem -->
  <system-out/>
  <testcase name="fieldsValidationOnRegisterPage" classname="com.ebaytest.HomePageValidations">
    <skipped/>
  </testcase> <!-- fieldsValidationOnRegisterPage -->
  <system-out/>
</testsuite> <!-- com.ebaytest.HomePageValidations -->
